<?xml version="1.0" encoding="UTF-8"?>
<testsuite name="ru.ac.uniyar.rpncalculator.RPNEvaluatorTest" tests="7" skipped="0" failures="0" errors="0" timestamp="2025-11-09T22:05:23" hostname="DESKTOP-IKI1O1U" time="0.039">
  <properties/>
  <testcase name="testCalcWithEmptyStringToken()" classname="ru.ac.uniyar.rpncalculator.RPNEvaluatorTest" time="0.026"/>
  <testcase name="testCalcVariousExpressions()" classname="ru.ac.uniyar.rpncalculator.RPNEvaluatorTest" time="0.001"/>
  <testcase name="testTransVariousExpressions()" classname="ru.ac.uniyar.rpncalculator.RPNEvaluatorTest" time="0.002"/>
  <testcase name="testDemonstrateFailure()" classname="ru.ac.uniyar.rpncalculator.RPNEvaluatorTest" time="0.001"/>
  <testcase name="testCalcWithMultiCharToken()" classname="ru.ac.uniyar.rpncalculator.RPNEvaluatorTest" time="0.0"/>
  <testcase name="testCalcThrowsExceptionForUnknownOperator()" classname="ru.ac.uniyar.rpncalculator.RPNEvaluatorTest" time="0.004"/>
  <testcase name="testFullIntegrationExamples()" classname="ru.ac.uniyar.rpncalculator.RPNEvaluatorTest" time="0.001"/>
  <system-out><![CDATA[]]></system-out>
  <system-err><![CDATA[]]></system-err>
</testsuite>
